c:\users\jekso_000\documents\visual studio 2013\projects\cwsample\cwsample\debug\vc120.pdb
c:\users\jekso_000\documents\visual studio 2013\projects\cwsample\cwsample\debug\vc120.idb
c:\users\jekso_000\documents\visual studio 2013\projects\cwsample\cwsample\debug\utils.obj
c:\users\jekso_000\documents\visual studio 2013\projects\cwsample\cwsample\debug\board.obj
c:\users\jekso_000\documents\visual studio 2013\projects\cwsample\cwsample\debug\disk.obj
c:\users\jekso_000\documents\visual studio 2013\projects\cwsample\cwsample\debug\shape.obj
c:\users\jekso_000\documents\visual studio 2013\projects\cwsample\cwsample\debug\stick.obj
c:\users\jekso_000\documents\visual studio 2013\projects\cwsample\cwsample\debug\main.obj
c:\users\jekso_000\documents\visual studio 2013\projects\cwsample\cwsample\debug\scene.obj
d:\alex\documents\programming\c++\cwsample\cwsample\debug\vc141.pdb
d:\alex\documents\programming\c++\cwsample\cwsample\debug\vc141.idb
d:\alex\documents\programming\c++\cwsample\cwsample\debug\shape.obj
d:\alex\documents\programming\c++\cwsample\cwsample\debug\stick.obj
d:\alex\documents\programming\c++\cwsample\cwsample\debug\main.obj
d:\alex\documents\programming\c++\cwsample\cwsample\debug\utils.obj
d:\alex\documents\programming\c++\cwsample\cwsample\debug\board.obj
d:\alex\documents\programming\c++\cwsample\cwsample\debug\disk.obj
d:\alex\documents\programming\c++\cwsample\cwsample\debug\scene.obj
c:\users\jekso_000\documents\visual studio 2013\projects\cwsample\debug\cwsample.ilk
c:\users\jekso_000\documents\visual studio 2013\projects\cwsample\debug\cwsample.exe
c:\users\jekso_000\documents\visual studio 2013\projects\cwsample\debug\cwsample.pdb
d:\alex\documents\programming\c++\cwsample\cwsample\debug\vc120.idb
d:\alex\documents\programming\c++\cwsample\cwsample\debug\vc120.pdb
d:\alex\documents\programming\c++\cwsample\debug\cwsample.pdb
d:\alex\documents\programming\c++\cwsample\cwsample\debug\cwsample.tlog\cl.command.1.tlog
d:\alex\documents\programming\c++\cwsample\cwsample\debug\cwsample.tlog\cl.read.1.tlog
d:\alex\documents\programming\c++\cwsample\cwsample\debug\cwsample.tlog\cl.write.1.tlog
d:\alex\documents\programming\c++\cwsample\cwsample\debug\cwsample.tlog\link.command.1.tlog
d:\alex\documents\programming\c++\cwsample\cwsample\debug\cwsample.tlog\link.read.1.tlog
d:\alex\documents\programming\c++\cwsample\cwsample\debug\cwsample.tlog\link.write.1.tlog
